<?xml version="1.0" encoding="UTF-8"?>
<!-- Generated by org.testng.reporters.JUnitReportReporter -->
<testsuite hostname="DTHAKKERWIN7A" name="TestScripts.TestCase2" tests="1" failures="0" timestamp="27 Apr 2015 08:16:22 GMT" time="51.118" errors="0">
  <testcase name="testFilter" time="51.118" classname="TestScripts.TestCase2"/>
</testsuite> <!-- TestScripts.TestCase2 -->
