<?xml version="1.0" encoding="UTF-8"?>
<!-- Generated by org.testng.reporters.JUnitReportReporter -->
<testsuite hostname="DTHAKKERWIN7A" name="TestScripts.TestCase1" tests="1" failures="0" timestamp="6 May 2016 06:38:36 GMT" time="5.877" errors="0">
  <testcase name="testSearchBtn" time="5.877" classname="TestScripts.TestCase1"/>
</testsuite> <!-- TestScripts.TestCase1 -->
